xrun: 22.03-s004: (c) Copyright 1995-2022 Cadence Design Systems, Inc.
TOOL:	xrun	22.03-s004: Started on Sep 12, 2023 at 17:36:51 CDT
irun
	-f run.f
		+access+rwc
		-gui
		-timescale 1ns/1ns
		../design/cache_mem.sv
		../tb/cache_mem_tb.sv
		../tb/cache_mem_intf.sv
		../tb/top.sv
xrun: *W,NCEXDEP: Executable (irun) is deprecated. Use (xrun) instead.
SOFTINCLUDE $SYSTEM_CDS_LIB_DIR/cds.lib
|
xrun: *W,DLCVAR (/home/grads/s/sushan_1201/cds.lib,1): cds.lib Invalid environment variable ''.
DEFINE      basic                   $CDK_DIR/lib/basic
|
xrun: *W,DLCVAR (/home/grads/s/sushan_1201/cds.lib,2): cds.lib Invalid environment variable ''.
DEFINE      NCSU_Analog_Parts 	    $CDK_DIR/lib/NCSU_Analog_Parts
|
xrun: *W,DLCVAR (/home/grads/s/sushan_1201/cds.lib,3): cds.lib Invalid environment variable ''.
DEFINE      NCSU_Digital_Parts 	    $CDK_DIR/lib/NCSU_Digital_Parts
|
xrun: *W,DLCVAR (/home/grads/s/sushan_1201/cds.lib,4): cds.lib Invalid environment variable ''.
DEFINE      NCSU_TechLib_ami06      $CDK_DIR/lib/NCSU_TechLib_ami06
|
xrun: *W,DLCVAR (/home/grads/s/sushan_1201/cds.lib,6): cds.lib Invalid environment variable ''.
DEFINE      NCSU_TechLib_ami16      $CDK_DIR/lib/NCSU_TechLib_ami16
|
xrun: *W,DLCVAR (/home/grads/s/sushan_1201/cds.lib,7): cds.lib Invalid environment variable ''.
DEFINE      NCSU_TechLib_hp06       $CDK_DIR/lib/NCSU_TechLib_hp06
|
xrun: *W,DLCVAR (/home/grads/s/sushan_1201/cds.lib,8): cds.lib Invalid environment variable ''.
DEFINE      NCSU_TechLib_tsmc02     $CDK_DIR/lib/NCSU_TechLib_tsmc02
|
xrun: *W,DLCVAR (/home/grads/s/sushan_1201/cds.lib,9): cds.lib Invalid environment variable ''.
DEFINE      NCSU_TechLib_tsmc02d    $CDK_DIR/lib/NCSU_TechLib_tsmc02d
|
xrun: *W,DLCVAR (/home/grads/s/sushan_1201/cds.lib,10): cds.lib Invalid environment variable ''.
DEFINE      NCSU_TechLib_tsmc03     $CDK_DIR/lib/NCSU_TechLib_tsmc03
|
xrun: *W,DLCVAR (/home/grads/s/sushan_1201/cds.lib,11): cds.lib Invalid environment variable ''.
DEFINE      NCSU_TechLib_tsmc03d    $CDK_DIR/lib/NCSU_TechLib_tsmc03d
|
xrun: *W,DLCVAR (/home/grads/s/sushan_1201/cds.lib,12): cds.lib Invalid environment variable ''.
DEFINE      NCSU_TechLib_tsmc04_4M2P    $CDK_DIR/lib/NCSU_TechLib_tsmc04_4M2P
|
xrun: *W,DLCVAR (/home/grads/s/sushan_1201/cds.lib,13): cds.lib Invalid environment variable ''.
SOFTINCLUDE $SYSTEM_CDS_LIB_DIR/cds.lib
|
xrun: *W,DLCVAR (/home/grads/s/sushan_1201/cds.lib,1): cds.lib Invalid environment variable ''.
DEFINE      basic                   $CDK_DIR/lib/basic
|
xrun: *W,DLCVAR (/home/grads/s/sushan_1201/cds.lib,2): cds.lib Invalid environment variable ''.
DEFINE      NCSU_Analog_Parts 	    $CDK_DIR/lib/NCSU_Analog_Parts
|
xrun: *W,DLCVAR (/home/grads/s/sushan_1201/cds.lib,3): cds.lib Invalid environment variable ''.
DEFINE      NCSU_Digital_Parts 	    $CDK_DIR/lib/NCSU_Digital_Parts
|
xrun: *W,DLCVAR (/home/grads/s/sushan_1201/cds.lib,4): cds.lib Invalid environment variable ''.
DEFINE      NCSU_TechLib_ami06      $CDK_DIR/lib/NCSU_TechLib_ami06
|
xrun: *W,DLCVAR (/home/grads/s/sushan_1201/cds.lib,6): cds.lib Invalid environment variable ''.
DEFINE      NCSU_TechLib_ami16      $CDK_DIR/lib/NCSU_TechLib_ami16
|
xrun: *W,DLCVAR (/home/grads/s/sushan_1201/cds.lib,7): cds.lib Invalid environment variable ''.
DEFINE      NCSU_TechLib_hp06       $CDK_DIR/lib/NCSU_TechLib_hp06
|
xrun: *W,DLCVAR (/home/grads/s/sushan_1201/cds.lib,8): cds.lib Invalid environment variable ''.
DEFINE      NCSU_TechLib_tsmc02     $CDK_DIR/lib/NCSU_TechLib_tsmc02
|
xrun: *W,DLCVAR (/home/grads/s/sushan_1201/cds.lib,9): cds.lib Invalid environment variable ''.
DEFINE      NCSU_TechLib_tsmc02d    $CDK_DIR/lib/NCSU_TechLib_tsmc02d
|
xrun: *W,DLCVAR (/home/grads/s/sushan_1201/cds.lib,10): cds.lib Invalid environment variable ''.
DEFINE      NCSU_TechLib_tsmc03     $CDK_DIR/lib/NCSU_TechLib_tsmc03
|
xrun: *W,DLCVAR (/home/grads/s/sushan_1201/cds.lib,11): cds.lib Invalid environment variable ''.
DEFINE      NCSU_TechLib_tsmc03d    $CDK_DIR/lib/NCSU_TechLib_tsmc03d
|
xrun: *W,DLCVAR (/home/grads/s/sushan_1201/cds.lib,12): cds.lib Invalid environment variable ''.
DEFINE      NCSU_TechLib_tsmc04_4M2P    $CDK_DIR/lib/NCSU_TechLib_tsmc04_4M2P
|
xrun: *W,DLCVAR (/home/grads/s/sushan_1201/cds.lib,13): cds.lib Invalid environment variable ''.
SOFTINCLUDE $SYSTEM_CDS_LIB_DIR/cds.lib
|
xrun: *W,DLCVAR (/home/grads/s/sushan_1201/cds.lib,1): cds.lib Invalid environment variable ''.
DEFINE      basic                   $CDK_DIR/lib/basic
|
xrun: *W,DLCVAR (/home/grads/s/sushan_1201/cds.lib,2): cds.lib Invalid environment variable ''.
DEFINE      NCSU_Analog_Parts 	    $CDK_DIR/lib/NCSU_Analog_Parts
|
xrun: *W,DLCVAR (/home/grads/s/sushan_1201/cds.lib,3): cds.lib Invalid environment variable ''.
DEFINE      NCSU_Digital_Parts 	    $CDK_DIR/lib/NCSU_Digital_Parts
|
xrun: *W,DLCVAR (/home/grads/s/sushan_1201/cds.lib,4): cds.lib Invalid environment variable ''.
DEFINE      NCSU_TechLib_ami06      $CDK_DIR/lib/NCSU_TechLib_ami06
|
xrun: *W,DLCVAR (/home/grads/s/sushan_1201/cds.lib,6): cds.lib Invalid environment variable ''.
DEFINE      NCSU_TechLib_ami16      $CDK_DIR/lib/NCSU_TechLib_ami16
|
xrun: *W,DLCVAR (/home/grads/s/sushan_1201/cds.lib,7): cds.lib Invalid environment variable ''.
DEFINE      NCSU_TechLib_hp06       $CDK_DIR/lib/NCSU_TechLib_hp06
|
xrun: *W,DLCVAR (/home/grads/s/sushan_1201/cds.lib,8): cds.lib Invalid environment variable ''.
DEFINE      NCSU_TechLib_tsmc02     $CDK_DIR/lib/NCSU_TechLib_tsmc02
|
xrun: *W,DLCVAR (/home/grads/s/sushan_1201/cds.lib,9): cds.lib Invalid environment variable ''.
DEFINE      NCSU_TechLib_tsmc02d    $CDK_DIR/lib/NCSU_TechLib_tsmc02d
|
xrun: *W,DLCVAR (/home/grads/s/sushan_1201/cds.lib,10): cds.lib Invalid environment variable ''.
DEFINE      NCSU_TechLib_tsmc03     $CDK_DIR/lib/NCSU_TechLib_tsmc03
|
xrun: *W,DLCVAR (/home/grads/s/sushan_1201/cds.lib,11): cds.lib Invalid environment variable ''.
DEFINE      NCSU_TechLib_tsmc03d    $CDK_DIR/lib/NCSU_TechLib_tsmc03d
|
xrun: *W,DLCVAR (/home/grads/s/sushan_1201/cds.lib,12): cds.lib Invalid environment variable ''.
DEFINE      NCSU_TechLib_tsmc04_4M2P    $CDK_DIR/lib/NCSU_TechLib_tsmc04_4M2P
|
xrun: *W,DLCVAR (/home/grads/s/sushan_1201/cds.lib,13): cds.lib Invalid environment variable ''.
SOFTINCLUDE $SYSTEM_CDS_LIB_DIR/cds.lib
|
xrun: *W,DLCVAR (/home/grads/s/sushan_1201/cds.lib,1): cds.lib Invalid environment variable ''.
DEFINE      basic                   $CDK_DIR/lib/basic
|
xrun: *W,DLCVAR (/home/grads/s/sushan_1201/cds.lib,2): cds.lib Invalid environment variable ''.
DEFINE      NCSU_Analog_Parts 	    $CDK_DIR/lib/NCSU_Analog_Parts
|
xrun: *W,DLCVAR (/home/grads/s/sushan_1201/cds.lib,3): cds.lib Invalid environment variable ''.
DEFINE      NCSU_Digital_Parts 	    $CDK_DIR/lib/NCSU_Digital_Parts
|
xrun: *W,DLCVAR (/home/grads/s/sushan_1201/cds.lib,4): cds.lib Invalid environment variable ''.
DEFINE      NCSU_TechLib_ami06      $CDK_DIR/lib/NCSU_TechLib_ami06
|
xrun: *W,DLCVAR (/home/grads/s/sushan_1201/cds.lib,6): cds.lib Invalid environment variable ''.
DEFINE      NCSU_TechLib_ami16      $CDK_DIR/lib/NCSU_TechLib_ami16
|
xrun: *W,DLCVAR (/home/grads/s/sushan_1201/cds.lib,7): cds.lib Invalid environment variable ''.
DEFINE      NCSU_TechLib_hp06       $CDK_DIR/lib/NCSU_TechLib_hp06
|
xrun: *W,DLCVAR (/home/grads/s/sushan_1201/cds.lib,8): cds.lib Invalid environment variable ''.
DEFINE      NCSU_TechLib_tsmc02     $CDK_DIR/lib/NCSU_TechLib_tsmc02
|
xrun: *W,DLCVAR (/home/grads/s/sushan_1201/cds.lib,9): cds.lib Invalid environment variable ''.
DEFINE      NCSU_TechLib_tsmc02d    $CDK_DIR/lib/NCSU_TechLib_tsmc02d
|
xrun: *W,DLCVAR (/home/grads/s/sushan_1201/cds.lib,10): cds.lib Invalid environment variable ''.
DEFINE      NCSU_TechLib_tsmc03     $CDK_DIR/lib/NCSU_TechLib_tsmc03
|
xrun: *W,DLCVAR (/home/grads/s/sushan_1201/cds.lib,11): cds.lib Invalid environment variable ''.
DEFINE      NCSU_TechLib_tsmc03d    $CDK_DIR/lib/NCSU_TechLib_tsmc03d
|
xrun: *W,DLCVAR (/home/grads/s/sushan_1201/cds.lib,12): cds.lib Invalid environment variable ''.
DEFINE      NCSU_TechLib_tsmc04_4M2P    $CDK_DIR/lib/NCSU_TechLib_tsmc04_4M2P
|
xrun: *W,DLCVAR (/home/grads/s/sushan_1201/cds.lib,13): cds.lib Invalid environment variable ''.
Recompiling... reason: file '../tb/cache_mem_tb.sv' is newer than expected.
	expected: Tue Sep 12 16:32:35 2023
	actual:   Tue Sep 12 17:36:35 2023
SOFTINCLUDE $SYSTEM_CDS_LIB_DIR/cds.lib
|
xrun: *W,DLCVAR (/home/grads/s/sushan_1201/cds.lib,1): cds.lib Invalid environment variable ''.
DEFINE      basic                   $CDK_DIR/lib/basic
|
xrun: *W,DLCVAR (/home/grads/s/sushan_1201/cds.lib,2): cds.lib Invalid environment variable ''.
DEFINE      NCSU_Analog_Parts 	    $CDK_DIR/lib/NCSU_Analog_Parts
|
xrun: *W,DLCVAR (/home/grads/s/sushan_1201/cds.lib,3): cds.lib Invalid environment variable ''.
DEFINE      NCSU_Digital_Parts 	    $CDK_DIR/lib/NCSU_Digital_Parts
|
xrun: *W,DLCVAR (/home/grads/s/sushan_1201/cds.lib,4): cds.lib Invalid environment variable ''.
DEFINE      NCSU_TechLib_ami06      $CDK_DIR/lib/NCSU_TechLib_ami06
|
xrun: *W,DLCVAR (/home/grads/s/sushan_1201/cds.lib,6): cds.lib Invalid environment variable ''.
DEFINE      NCSU_TechLib_ami16      $CDK_DIR/lib/NCSU_TechLib_ami16
|
xrun: *W,DLCVAR (/home/grads/s/sushan_1201/cds.lib,7): cds.lib Invalid environment variable ''.
DEFINE      NCSU_TechLib_hp06       $CDK_DIR/lib/NCSU_TechLib_hp06
|
xrun: *W,DLCVAR (/home/grads/s/sushan_1201/cds.lib,8): cds.lib Invalid environment variable ''.
DEFINE      NCSU_TechLib_tsmc02     $CDK_DIR/lib/NCSU_TechLib_tsmc02
|
xrun: *W,DLCVAR (/home/grads/s/sushan_1201/cds.lib,9): cds.lib Invalid environment variable ''.
DEFINE      NCSU_TechLib_tsmc02d    $CDK_DIR/lib/NCSU_TechLib_tsmc02d
|
xrun: *W,DLCVAR (/home/grads/s/sushan_1201/cds.lib,10): cds.lib Invalid environment variable ''.
DEFINE      NCSU_TechLib_tsmc03     $CDK_DIR/lib/NCSU_TechLib_tsmc03
|
xrun: *W,DLCVAR (/home/grads/s/sushan_1201/cds.lib,11): cds.lib Invalid environment variable ''.
DEFINE      NCSU_TechLib_tsmc03d    $CDK_DIR/lib/NCSU_TechLib_tsmc03d
|
xrun: *W,DLCVAR (/home/grads/s/sushan_1201/cds.lib,12): cds.lib Invalid environment variable ''.
DEFINE      NCSU_TechLib_tsmc04_4M2P    $CDK_DIR/lib/NCSU_TechLib_tsmc04_4M2P
|
xrun: *W,DLCVAR (/home/grads/s/sushan_1201/cds.lib,13): cds.lib Invalid environment variable ''.
SOFTINCLUDE $SYSTEM_CDS_LIB_DIR/cds.lib
|
xmvlog: *W,DLCVAR (/home/grads/s/sushan_1201/cds.lib,1): cds.lib Invalid environment variable ''.
DEFINE      basic                   $CDK_DIR/lib/basic
|
xmvlog: *W,DLCVAR (/home/grads/s/sushan_1201/cds.lib,2): cds.lib Invalid environment variable ''.
DEFINE      NCSU_Analog_Parts 	    $CDK_DIR/lib/NCSU_Analog_Parts
|
xmvlog: *W,DLCVAR (/home/grads/s/sushan_1201/cds.lib,3): cds.lib Invalid environment variable ''.
DEFINE      NCSU_Digital_Parts 	    $CDK_DIR/lib/NCSU_Digital_Parts
|
xmvlog: *W,DLCVAR (/home/grads/s/sushan_1201/cds.lib,4): cds.lib Invalid environment variable ''.
DEFINE      NCSU_TechLib_ami06      $CDK_DIR/lib/NCSU_TechLib_ami06
|
xmvlog: *W,DLCVAR (/home/grads/s/sushan_1201/cds.lib,6): cds.lib Invalid environment variable ''.
DEFINE      NCSU_TechLib_ami16      $CDK_DIR/lib/NCSU_TechLib_ami16
|
xmvlog: *W,DLCVAR (/home/grads/s/sushan_1201/cds.lib,7): cds.lib Invalid environment variable ''.
DEFINE      NCSU_TechLib_hp06       $CDK_DIR/lib/NCSU_TechLib_hp06
|
xmvlog: *W,DLCVAR (/home/grads/s/sushan_1201/cds.lib,8): cds.lib Invalid environment variable ''.
DEFINE      NCSU_TechLib_tsmc02     $CDK_DIR/lib/NCSU_TechLib_tsmc02
|
xmvlog: *W,DLCVAR (/home/grads/s/sushan_1201/cds.lib,9): cds.lib Invalid environment variable ''.
DEFINE      NCSU_TechLib_tsmc02d    $CDK_DIR/lib/NCSU_TechLib_tsmc02d
|
xmvlog: *W,DLCVAR (/home/grads/s/sushan_1201/cds.lib,10): cds.lib Invalid environment variable ''.
DEFINE      NCSU_TechLib_tsmc03     $CDK_DIR/lib/NCSU_TechLib_tsmc03
|
xmvlog: *W,DLCVAR (/home/grads/s/sushan_1201/cds.lib,11): cds.lib Invalid environment variable ''.
DEFINE      NCSU_TechLib_tsmc03d    $CDK_DIR/lib/NCSU_TechLib_tsmc03d
|
xmvlog: *W,DLCVAR (/home/grads/s/sushan_1201/cds.lib,12): cds.lib Invalid environment variable ''.
DEFINE      NCSU_TechLib_tsmc04_4M2P    $CDK_DIR/lib/NCSU_TechLib_tsmc04_4M2P
|
xmvlog: *W,DLCVAR (/home/grads/s/sushan_1201/cds.lib,13): cds.lib Invalid environment variable ''.
file: ../tb/cache_mem_tb.sv
	module worklib.cache_mem_test:sv
		errors: 0, warnings: 0
	Total errors/warnings found outside modules and primitives:
		errors: 0, warnings: 12
SOFTINCLUDE $SYSTEM_CDS_LIB_DIR/cds.lib
|
xrun: *W,DLCVAR (/home/grads/s/sushan_1201/cds.lib,1): cds.lib Invalid environment variable ''.
DEFINE      basic                   $CDK_DIR/lib/basic
|
xrun: *W,DLCVAR (/home/grads/s/sushan_1201/cds.lib,2): cds.lib Invalid environment variable ''.
DEFINE      NCSU_Analog_Parts 	    $CDK_DIR/lib/NCSU_Analog_Parts
|
xrun: *W,DLCVAR (/home/grads/s/sushan_1201/cds.lib,3): cds.lib Invalid environment variable ''.
DEFINE      NCSU_Digital_Parts 	    $CDK_DIR/lib/NCSU_Digital_Parts
|
xrun: *W,DLCVAR (/home/grads/s/sushan_1201/cds.lib,4): cds.lib Invalid environment variable ''.
DEFINE      NCSU_TechLib_ami06      $CDK_DIR/lib/NCSU_TechLib_ami06
|
xrun: *W,DLCVAR (/home/grads/s/sushan_1201/cds.lib,6): cds.lib Invalid environment variable ''.
DEFINE      NCSU_TechLib_ami16      $CDK_DIR/lib/NCSU_TechLib_ami16
|
xrun: *W,DLCVAR (/home/grads/s/sushan_1201/cds.lib,7): cds.lib Invalid environment variable ''.
DEFINE      NCSU_TechLib_hp06       $CDK_DIR/lib/NCSU_TechLib_hp06
|
xrun: *W,DLCVAR (/home/grads/s/sushan_1201/cds.lib,8): cds.lib Invalid environment variable ''.
DEFINE      NCSU_TechLib_tsmc02     $CDK_DIR/lib/NCSU_TechLib_tsmc02
|
xrun: *W,DLCVAR (/home/grads/s/sushan_1201/cds.lib,9): cds.lib Invalid environment variable ''.
DEFINE      NCSU_TechLib_tsmc02d    $CDK_DIR/lib/NCSU_TechLib_tsmc02d
|
xrun: *W,DLCVAR (/home/grads/s/sushan_1201/cds.lib,10): cds.lib Invalid environment variable ''.
DEFINE      NCSU_TechLib_tsmc03     $CDK_DIR/lib/NCSU_TechLib_tsmc03
|
xrun: *W,DLCVAR (/home/grads/s/sushan_1201/cds.lib,11): cds.lib Invalid environment variable ''.
DEFINE      NCSU_TechLib_tsmc03d    $CDK_DIR/lib/NCSU_TechLib_tsmc03d
|
xrun: *W,DLCVAR (/home/grads/s/sushan_1201/cds.lib,12): cds.lib Invalid environment variable ''.
DEFINE      NCSU_TechLib_tsmc04_4M2P    $CDK_DIR/lib/NCSU_TechLib_tsmc04_4M2P
|
xrun: *W,DLCVAR (/home/grads/s/sushan_1201/cds.lib,13): cds.lib Invalid environment variable ''.
SOFTINCLUDE $SYSTEM_CDS_LIB_DIR/cds.lib
|
xrun: *W,DLCVAR (/home/grads/s/sushan_1201/cds.lib,1): cds.lib Invalid environment variable ''.
DEFINE      basic                   $CDK_DIR/lib/basic
|
xrun: *W,DLCVAR (/home/grads/s/sushan_1201/cds.lib,2): cds.lib Invalid environment variable ''.
DEFINE      NCSU_Analog_Parts 	    $CDK_DIR/lib/NCSU_Analog_Parts
|
xrun: *W,DLCVAR (/home/grads/s/sushan_1201/cds.lib,3): cds.lib Invalid environment variable ''.
DEFINE      NCSU_Digital_Parts 	    $CDK_DIR/lib/NCSU_Digital_Parts
|
xrun: *W,DLCVAR (/home/grads/s/sushan_1201/cds.lib,4): cds.lib Invalid environment variable ''.
DEFINE      NCSU_TechLib_ami06      $CDK_DIR/lib/NCSU_TechLib_ami06
|
xrun: *W,DLCVAR (/home/grads/s/sushan_1201/cds.lib,6): cds.lib Invalid environment variable ''.
DEFINE      NCSU_TechLib_ami16      $CDK_DIR/lib/NCSU_TechLib_ami16
|
xrun: *W,DLCVAR (/home/grads/s/sushan_1201/cds.lib,7): cds.lib Invalid environment variable ''.
DEFINE      NCSU_TechLib_hp06       $CDK_DIR/lib/NCSU_TechLib_hp06
|
xrun: *W,DLCVAR (/home/grads/s/sushan_1201/cds.lib,8): cds.lib Invalid environment variable ''.
DEFINE      NCSU_TechLib_tsmc02     $CDK_DIR/lib/NCSU_TechLib_tsmc02
|
xrun: *W,DLCVAR (/home/grads/s/sushan_1201/cds.lib,9): cds.lib Invalid environment variable ''.
DEFINE      NCSU_TechLib_tsmc02d    $CDK_DIR/lib/NCSU_TechLib_tsmc02d
|
xrun: *W,DLCVAR (/home/grads/s/sushan_1201/cds.lib,10): cds.lib Invalid environment variable ''.
DEFINE      NCSU_TechLib_tsmc03     $CDK_DIR/lib/NCSU_TechLib_tsmc03
|
xrun: *W,DLCVAR (/home/grads/s/sushan_1201/cds.lib,11): cds.lib Invalid environment variable ''.
DEFINE      NCSU_TechLib_tsmc03d    $CDK_DIR/lib/NCSU_TechLib_tsmc03d
|
xrun: *W,DLCVAR (/home/grads/s/sushan_1201/cds.lib,12): cds.lib Invalid environment variable ''.
DEFINE      NCSU_TechLib_tsmc04_4M2P    $CDK_DIR/lib/NCSU_TechLib_tsmc04_4M2P
|
xrun: *W,DLCVAR (/home/grads/s/sushan_1201/cds.lib,13): cds.lib Invalid environment variable ''.
SOFTINCLUDE $SYSTEM_CDS_LIB_DIR/cds.lib
|
xmelab: *W,DLCVAR (/home/grads/s/sushan_1201/cds.lib,1): cds.lib Invalid environment variable ''.
DEFINE      basic                   $CDK_DIR/lib/basic
|
xmelab: *W,DLCVAR (/home/grads/s/sushan_1201/cds.lib,2): cds.lib Invalid environment variable ''.
DEFINE      NCSU_Analog_Parts 	    $CDK_DIR/lib/NCSU_Analog_Parts
|
xmelab: *W,DLCVAR (/home/grads/s/sushan_1201/cds.lib,3): cds.lib Invalid environment variable ''.
DEFINE      NCSU_Digital_Parts 	    $CDK_DIR/lib/NCSU_Digital_Parts
|
xmelab: *W,DLCVAR (/home/grads/s/sushan_1201/cds.lib,4): cds.lib Invalid environment variable ''.
DEFINE      NCSU_TechLib_ami06      $CDK_DIR/lib/NCSU_TechLib_ami06
|
xmelab: *W,DLCVAR (/home/grads/s/sushan_1201/cds.lib,6): cds.lib Invalid environment variable ''.
DEFINE      NCSU_TechLib_ami16      $CDK_DIR/lib/NCSU_TechLib_ami16
|
xmelab: *W,DLCVAR (/home/grads/s/sushan_1201/cds.lib,7): cds.lib Invalid environment variable ''.
DEFINE      NCSU_TechLib_hp06       $CDK_DIR/lib/NCSU_TechLib_hp06
|
xmelab: *W,DLCVAR (/home/grads/s/sushan_1201/cds.lib,8): cds.lib Invalid environment variable ''.
DEFINE      NCSU_TechLib_tsmc02     $CDK_DIR/lib/NCSU_TechLib_tsmc02
|
xmelab: *W,DLCVAR (/home/grads/s/sushan_1201/cds.lib,9): cds.lib Invalid environment variable ''.
DEFINE      NCSU_TechLib_tsmc02d    $CDK_DIR/lib/NCSU_TechLib_tsmc02d
|
xmelab: *W,DLCVAR (/home/grads/s/sushan_1201/cds.lib,10): cds.lib Invalid environment variable ''.
DEFINE      NCSU_TechLib_tsmc03     $CDK_DIR/lib/NCSU_TechLib_tsmc03
|
xmelab: *W,DLCVAR (/home/grads/s/sushan_1201/cds.lib,11): cds.lib Invalid environment variable ''.
DEFINE      NCSU_TechLib_tsmc03d    $CDK_DIR/lib/NCSU_TechLib_tsmc03d
|
xmelab: *W,DLCVAR (/home/grads/s/sushan_1201/cds.lib,12): cds.lib Invalid environment variable ''.
DEFINE      NCSU_TechLib_tsmc04_4M2P    $CDK_DIR/lib/NCSU_TechLib_tsmc04_4M2P
|
xmelab: *W,DLCVAR (/home/grads/s/sushan_1201/cds.lib,13): cds.lib Invalid environment variable ''.
		Caching library 'worklib' ....... Done
	Elaborating the design hierarchy:
	Top level design units:
		top
	#10cmbus.tb.mem_read('d2); // Reading the final value in the memory after 2 write operations
	                   |
xmelab: *W,FAAOP1 (../tb/cache_mem_tb.sv,21|20): task or function call does not specify all formal output arguments [10.2.2][10.3(IEEE)].
task mem_read (input logic [4:0] addr_in, output logic [7:0] data_rd);
                                                                   |
xmelab: *W,FAAOP2 (../tb/cache_mem_intf.sv,27|67): Formal output argument 'data_rd' is absent in the task or function call identified by the previous error message [10.2.2][10.3(IEEE)].
xmelab: *W,DSEMEL: This SystemVerilog design will be simulated as per IEEE 1800-2009 SystemVerilog simulation semantics. Use -disable_sem2009 option for turning off SV 2009 simulation semantics.
	Building instance overlay tables: .................... Done
	Generating native compiled code:
SOFTINCLUDE $SYSTEM_CDS_LIB_DIR/cds.lib
|
xmvlog_cg: *W,DLCVAR (/home/grads/s/sushan_1201/cds.lib,1): cds.lib Invalid environment variable ''.
DEFINE      basic                   $CDK_DIR/lib/basic
|
xmvlog_cg: *W,DLCVAR (/home/grads/s/sushan_1201/cds.lib,2): cds.lib Invalid environment variable ''.
DEFINE      NCSU_Analog_Parts 	    $CDK_DIR/lib/NCSU_Analog_Parts
|
xmvlog_cg: *W,DLCVAR (/home/grads/s/sushan_1201/cds.lib,3): cds.lib Invalid environment variable ''.
DEFINE      NCSU_Digital_Parts 	    $CDK_DIR/lib/NCSU_Digital_Parts
|
xmvlog_cg: *W,DLCVAR (/home/grads/s/sushan_1201/cds.lib,4): cds.lib Invalid environment variable ''.
DEFINE      NCSU_TechLib_ami06      $CDK_DIR/lib/NCSU_TechLib_ami06
|
xmvlog_cg: *W,DLCVAR (/home/grads/s/sushan_1201/cds.lib,6): cds.lib Invalid environment variable ''.
DEFINE      NCSU_TechLib_ami16      $CDK_DIR/lib/NCSU_TechLib_ami16
|
xmvlog_cg: *W,DLCVAR (/home/grads/s/sushan_1201/cds.lib,7): cds.lib Invalid environment variable ''.
DEFINE      NCSU_TechLib_hp06       $CDK_DIR/lib/NCSU_TechLib_hp06
|
xmvlog_cg: *W,DLCVAR (/home/grads/s/sushan_1201/cds.lib,8): cds.lib Invalid environment variable ''.
DEFINE      NCSU_TechLib_tsmc02     $CDK_DIR/lib/NCSU_TechLib_tsmc02
|
xmvlog_cg: *W,DLCVAR (/home/grads/s/sushan_1201/cds.lib,9): cds.lib Invalid environment variable ''.
DEFINE      NCSU_TechLib_tsmc02d    $CDK_DIR/lib/NCSU_TechLib_tsmc02d
|
xmvlog_cg: *W,DLCVAR (/home/grads/s/sushan_1201/cds.lib,10): cds.lib Invalid environment variable ''.
DEFINE      NCSU_TechLib_tsmc03     $CDK_DIR/lib/NCSU_TechLib_tsmc03
|
xmvlog_cg: *W,DLCVAR (/home/grads/s/sushan_1201/cds.lib,11): cds.lib Invalid environment variable ''.
DEFINE      NCSU_TechLib_tsmc03d    $CDK_DIR/lib/NCSU_TechLib_tsmc03d
|
xmvlog_cg: *W,DLCVAR (/home/grads/s/sushan_1201/cds.lib,12): cds.lib Invalid environment variable ''.
DEFINE      NCSU_TechLib_tsmc04_4M2P    $CDK_DIR/lib/NCSU_TechLib_tsmc04_4M2P
|
xmvlog_cg: *W,DLCVAR (/home/grads/s/sushan_1201/cds.lib,13): cds.lib Invalid environment variable ''.
		worklib.cache_mem_test:sv <0x439a24a6>
			streams:   1, words:  2075
	Building instance specific data structures.
	Loading native compiled code:     .................... Done
	Design hierarchy summary:
		                 Instances  Unique
		Modules:                 3       3
		Interfaces:              1       1
		Registers:              17      17
		Scalar wires:            6       -
		Vectored wires:          4       -
		Always blocks:           2       2
		Initial blocks:          4       4
		Pseudo assignments:      7       7
		Simulation timescale:  1ns
	Writing initial simulation snapshot: worklib.top:sv
SOFTINCLUDE $SYSTEM_CDS_LIB_DIR/cds.lib
|
xmsim: *W,DLCVAR (/home/grads/s/sushan_1201/cds.lib,1): cds.lib Invalid environment variable ''.
DEFINE      basic                   $CDK_DIR/lib/basic
|
xmsim: *W,DLCVAR (/home/grads/s/sushan_1201/cds.lib,2): cds.lib Invalid environment variable ''.
DEFINE      NCSU_Analog_Parts 	    $CDK_DIR/lib/NCSU_Analog_Parts
|
xmsim: *W,DLCVAR (/home/grads/s/sushan_1201/cds.lib,3): cds.lib Invalid environment variable ''.
DEFINE      NCSU_Digital_Parts 	    $CDK_DIR/lib/NCSU_Digital_Parts
|
xmsim: *W,DLCVAR (/home/grads/s/sushan_1201/cds.lib,4): cds.lib Invalid environment variable ''.
DEFINE      NCSU_TechLib_ami06      $CDK_DIR/lib/NCSU_TechLib_ami06
|
xmsim: *W,DLCVAR (/home/grads/s/sushan_1201/cds.lib,6): cds.lib Invalid environment variable ''.
DEFINE      NCSU_TechLib_ami16      $CDK_DIR/lib/NCSU_TechLib_ami16
|
xmsim: *W,DLCVAR (/home/grads/s/sushan_1201/cds.lib,7): cds.lib Invalid environment variable ''.
DEFINE      NCSU_TechLib_hp06       $CDK_DIR/lib/NCSU_TechLib_hp06
|
xmsim: *W,DLCVAR (/home/grads/s/sushan_1201/cds.lib,8): cds.lib Invalid environment variable ''.
DEFINE      NCSU_TechLib_tsmc02     $CDK_DIR/lib/NCSU_TechLib_tsmc02
|
xmsim: *W,DLCVAR (/home/grads/s/sushan_1201/cds.lib,9): cds.lib Invalid environment variable ''.
DEFINE      NCSU_TechLib_tsmc02d    $CDK_DIR/lib/NCSU_TechLib_tsmc02d
|
xmsim: *W,DLCVAR (/home/grads/s/sushan_1201/cds.lib,10): cds.lib Invalid environment variable ''.
DEFINE      NCSU_TechLib_tsmc03     $CDK_DIR/lib/NCSU_TechLib_tsmc03
|
xmsim: *W,DLCVAR (/home/grads/s/sushan_1201/cds.lib,11): cds.lib Invalid environment variable ''.
DEFINE      NCSU_TechLib_tsmc03d    $CDK_DIR/lib/NCSU_TechLib_tsmc03d
|
xmsim: *W,DLCVAR (/home/grads/s/sushan_1201/cds.lib,12): cds.lib Invalid environment variable ''.
DEFINE      NCSU_TechLib_tsmc04_4M2P    $CDK_DIR/lib/NCSU_TechLib_tsmc04_4M2P
|
xmsim: *W,DLCVAR (/home/grads/s/sushan_1201/cds.lib,13): cds.lib Invalid environment variable ''.
xmsim: *W,NOMTDGUI: Multi-Threaded Dumping is disabled for interactive debug mode.
xmsim: *W,DSEM2009: This SystemVerilog design is simulated as per IEEE 1800-2009 SystemVerilog simulation semantics. Use -disable_sem2009 option for turning off SV 2009 simulation semantics.

-------------------------------------
Relinquished control to SimVision...
xcelium> 
xcelium> source /opt/coe/cadence/XCELIUM/tools/xcelium/files/xmsimrc
xcelium> database -open waves -into waves.shm -default
Created default SHM database waves
xcelium> probe -create -shm top.mem_inst.addr top.mem_inst.cache top.mem_inst.clk top.mem_inst.data_in top.mem_inst.data_out top.mem_inst.j top.mem_inst.memory top.mem_inst.rd_en top.mem_inst.rst_n top.mem_inst.wr_en
Created probe 1
xcelium> run 200ns
Asynch Memory Reset
Write Address : 2 with data : f
Write Address : 2 with data : a
Read Address : 2 with data : 0
Expected Value after reading the data_out is 10 
Current Value after reading the data_out is 00
Ran until 200 NS + 0
xcelium> ^C
xcelium> exit
TOOL:	xrun	22.03-s004: Exiting on Sep 12, 2023 at 17:42:16 CDT  (total: 00:05:25)
